#
# A fatal error has been detected by the Java Runtime Environment:
#
#  Internal Error (classFileParser.cpp:3375), pid=996, tid=6912
#  Error: ShouldNotReachHere()
#
# JRE version: 6.0_23-b05
# Java VM: Java HotSpot(TM) Client VM (19.0-b09 mixed mode windows-x86 )
# If you would like to submit a bug report, please visit:
#   http://java.sun.com/webapps/bugreport/crash.jsp
#

---------------  T H R E A D  ---------------

Current thread (0x004b9400):  JavaThread "Unknown thread" [_thread_in_vm, id=6912, stack(0x00380000,0x003d0000)]

Stack: [0x00380000,0x003d0000],  sp=0x003cf878,  free space=318k
Native frames: (J=compiled Java code, j=interpreted, Vv=VM code, C=native code)
V  [jvm.dll+0x200a27]
V  [jvm.dll+0xa536b]
V  [jvm.dll+0x761e8]
V  [jvm.dll+0x779ef]
V  [jvm.dll+0x1cfdc5]
V  [jvm.dll+0x1d069d]
V  [jvm.dll+0x1d0a65]
V  [jvm.dll+0x1d0aab]
V  [jvm.dll+0x1d0bd2]
V  [jvm.dll+0x1d0c4a]
V  [jvm.dll+0x1d0d2d]
V  [jvm.dll+0x1d0fd2]
V  [jvm.dll+0x1f0783]
V  [jvm.dll+0x1f0b5c]
V  [jvm.dll+0xdbd3c]
V  [jvm.dll+0x1e9c28]
V  [jvm.dll+0x106190]
C  [javaw.exe+0x1657]
C  [javaw.exe+0x1e2c]
C  [javaw.exe+0x8614]
C  [kernel32.dll+0x133ca]
C  [ntdll.dll+0x39ed2]
C  [ntdll.dll+0x39ea5]


---------------  P R O C E S S  ---------------

Java Threads: ( => current thread )

Other Threads:

=>0x004b9400 (exited) JavaThread "Unknown thread" [_thread_in_vm, id=6912, stack(0x00380000,0x003d0000)]

VM state:not at safepoint (not fully initialized)

VM Mutex/Monitor currently owned by a thread: None

Dynamic libraries:
0x00400000 - 0x00424000 	C:\Program Files (x86)\Java\jdk1.6.0_23\bin\javaw.exe
0x77530000 - 0x776b0000 	C:\Windows\SysWOW64\ntdll.dll
0x76a30000 - 0x76b40000 	C:\Windows\syswow64\kernel32.dll
0x757a0000 - 0x757e6000 	C:\Windows\syswow64\KERNELBASE.dll
0x766f0000 - 0x76790000 	C:\Windows\syswow64\ADVAPI32.dll
0x757f0000 - 0x7589c000 	C:\Windows\syswow64\msvcrt.dll
0x767e0000 - 0x767f9000 	C:\Windows\SysWOW64\sechost.dll
0x750e0000 - 0x751d0000 	C:\Windows\syswow64\RPCRT4.dll
0x74c20000 - 0x74c80000 	C:\Windows\syswow64\SspiCli.dll
0x74c10000 - 0x74c1c000 	C:\Windows\syswow64\CRYPTBASE.dll
0x751e0000 - 0x752e0000 	C:\Windows\syswow64\USER32.dll
0x76be0000 - 0x76c70000 	C:\Windows\syswow64\GDI32.dll
0x75930000 - 0x7593a000 	C:\Windows\syswow64\LPK.dll
0x76b40000 - 0x76bdd000 	C:\Windows\syswow64\USP10.dll
0x76970000 - 0x769d0000 	C:\Windows\system32\IMM32.DLL
0x74c80000 - 0x74d4c000 	C:\Windows\syswow64\MSCTF.dll
0x7c340000 - 0x7c396000 	C:\Program Files (x86)\Java\jdk1.6.0_23\jre\bin\msvcr71.dll
0x6d8a0000 - 0x6db4c000 	C:\Program Files (x86)\Java\jdk1.6.0_23\jre\bin\client\jvm.dll
0x73180000 - 0x731b2000 	C:\Windows\system32\WINMM.dll
0x71000000 - 0x7104c000 	C:\Windows\system32\apphelp.dll
0x6d850000 - 0x6d85c000 	C:\Program Files (x86)\Java\jdk1.6.0_23\jre\bin\verify.dll
0x6d3d0000 - 0x6d3ef000 	C:\Program Files (x86)\Java\jdk1.6.0_23\jre\bin\java.dll
0x6d330000 - 0x6d338000 	C:\Program Files (x86)\Java\jdk1.6.0_23\jre\bin\hpi.dll
0x752e0000 - 0x752e5000 	C:\Windows\syswow64\PSAPI.DLL
0x6d890000 - 0x6d89f000 	C:\Program Files (x86)\Java\jdk1.6.0_23\jre\bin\zip.dll

VM Arguments:
jvm_args: -Dvce.launchers=org.eclipse.ve.internal.java.vce.launcher.remotevm.JFCLauncher -Dvce.launcher.class=br.thg.lmb.AppLembrar -Dfile.encoding=Cp1252 -Xbootclasspath:C:\Program Files (x86)\Android\android-sdk-windows\platforms\android-8\android.jar 
java_command: org.eclipse.ve.internal.java.vce.launcher.remotevm.JavaBeansLauncher
Launcher Type: SUN_STANDARD

Environment Variables:
JAVA_HOME=C:\Program Files (x86)\Java\jre6
CLASSPATH=.;C:\Program Files (x86)\Java\jre6\lib\ext\QTJava.zip
PATH=C:\Program Files (x86)\NVIDIA Corporation\PhysX\Common;C:\Program Files\Common Files\Microsoft Shared\Windows Live;C:\Program Files (x86)\Common Files\Microsoft Shared\Windows Live;C:\Windows\system32;C:\Windows;C:\Windows\System32\Wbem;C:\Windows\System32\WindowsPowerShell\v1.0\;;C:\Program Files (x86)\Common Files\Roxio Shared\10.0\DLLShared\;C:\Program Files (x86)\Common Files\Roxio Shared\DLLShared\;C:\Program Files (x86)\Windows Live\Shared;C:\Program Files (x86)\QuickTime\QTSystem\;C:\Program Files (x86)\Calibre2\;C:\Ruby187\bin
USERNAME=Thiago
OS=Windows_NT
PROCESSOR_IDENTIFIER=Intel64 Family 6 Model 23 Stepping 10, GenuineIntel



---------------  S Y S T E M  ---------------

OS: Windows 7 Build 7601 Service Pack 1

CPU:total 2 (2 cores per cpu, 1 threads per core) family 6 model 23 stepping 10, cmov, cx8, fxsr, mmx, sse, sse2, sse3, ssse3, sse4.1

Memory: 4k page, physical 3930480k(975900k free), swap 7859112k(4092760k free)

vm_info: Java HotSpot(TM) Client VM (19.0-b09) for windows-x86 JRE (1.6.0_23-b05), built on Nov 12 2010 15:00:43 by "java_re" with MS VC++ 7.1 (VS2003)

time: Wed Jun 15 11:03:21 2011
elapsed time: 0 seconds

